make --dry-run --keep-going --print-directory
make: Entering directory '/mnt/nfs/homes/tda-silv/Desktop/push_swap'
clang -Wall -Wextra -Werror   -c -o operation/sa.o operation/sa.c
 
clang -Wall -Wextra -Werror   -c -o operation/sb.o operation/sb.c
clang -Wall -Wextra -Werror   -c -o operation/ss.o operation/ss.c
clang -Wall -Wextra -Werror   -c -o operation/pa.o operation/pa.c
clang -Wall -Wextra -Werror   -c -o operation/pb.o operation/pb.c
clang -Wall -Wextra -Werror   -c -o operation/ra.o operation/ra.c
clang -Wall -Wextra -Werror   -c -o operation/rb.o operation/rb.c
clang -Wall -Wextra -Werror   -c -o operation/rr.o operation/rr.c
clang -Wall -Wextra -Werror   -c -o operation/rra.o operation/rra.c
clang -Wall -Wextra -Werror   -c -o operation/rrb.o operation/rrb.c
clang -Wall -Wextra -Werror   -c -o operation/rrr.o operation/rrr.c
clang -Wall -Wextra -Werror   -c -o operation/oper_double/od_sa.o operation/oper_double/od_sa.c
clang -Wall -Wextra -Werror   -c -o operation/oper_double/od_sb.o operation/oper_double/od_sb.c
clang -Wall -Wextra -Werror   -c -o operation/oper_double/od_pa.o operation/oper_double/od_pa.c
clang -Wall -Wextra -Werror   -c -o operation/oper_double/od_pb.o operation/oper_double/od_pb.c
clang -Wall -Wextra -Werror   -c -o operation/oper_double/od_ra.o operation/oper_double/od_ra.c
clang -Wall -Wextra -Werror   -c -o operation/oper_double/od_rb.o operation/oper_double/od_rb.c
clang -Wall -Wextra -Werror   -c -o operation/oper_double/od_rra.o operation/oper_double/od_rra.c
clang -Wall -Wextra -Werror   -c -o operation/oper_double/od_rrb.o operation/oper_double/od_rrb.c
clang -Wall -Wextra -Werror   -c -o sort_five/sort_five.o sort_five/sort_five.c
clang -Wall -Wextra -Werror   -c -o sort_five/if_sorted.o sort_five/if_sorted.c
clang -Wall -Wextra -Werror   -c -o sort_five/make_all_oper.o sort_five/make_all_oper.c
clang -Wall -Wextra -Werror   -c -o sort_five/ascending_order_tab.o sort_five/ascending_order_tab.c
clang -Wall -Wextra -Werror   -c -o sort_five/descending_order_tab.o sort_five/descending_order_tab.c
clang -Wall -Wextra -Werror   -c -o sort_five/dup_tab.o sort_five/dup_tab.c
clang -Wall -Wextra -Werror   -c -o sort_five/double_lst/dl_add_back.o sort_five/double_lst/dl_add_back.c
clang -Wall -Wextra -Werror   -c -o sort_five/double_lst/dl_last.o sort_five/double_lst/dl_last.c
clang -Wall -Wextra -Werror   -c -o sort_five/double_lst/dl_new.o sort_five/double_lst/dl_new.c
clang -Wall -Wextra -Werror   -c -o sort_five/double_lst/sl_add_back.o sort_five/double_lst/sl_add_back.c
clang -Wall -Wextra -Werror   -c -o sort_five/double_lst/sl_last.o sort_five/double_lst/sl_last.c
clang -Wall -Wextra -Werror   -c -o sort_five/double_lst/sl_new.o sort_five/double_lst/sl_new.c
clang -Wall -Wextra -Werror   -c -o sort_five/double_lst/sl_link.o sort_five/double_lst/sl_link.c
clang -Wall -Wextra -Werror   -c -o sort_five/double_lst/dl_clear.o sort_five/double_lst/dl_clear.c
clang -Wall -Wextra -Werror   -c -o sort_five/double_lst/sl_int_clear.o sort_five/double_lst/sl_int_clear.c
clang -Wall -Wextra -Werror   -c -o sort_five/operations_dupp_tab/sa_dt.o sort_five/operations_dupp_tab/sa_dt.c
clang -Wall -Wextra -Werror   -c -o sort_five/operations_dupp_tab/ra_dt.o sort_five/operations_dupp_tab/ra_dt.c
clang -Wall -Wextra -Werror   -c -o sort_five/operations_dupp_tab/rra_dt.o sort_five/operations_dupp_tab/rra_dt.c
clang -Wall -Wextra -Werror   -c -o sort_five/operations_on_tab/sa_ot.o sort_five/operations_on_tab/sa_ot.c
clang -Wall -Wextra -Werror   -c -o sort_five/operations_on_tab/ra_ot.o sort_five/operations_on_tab/ra_ot.c
clang -Wall -Wextra -Werror   -c -o sort_five/operations_on_tab/rra_ot.o sort_five/operations_on_tab/rra_ot.c
clang -Wall -Wextra -Werror   -c -o sort_five/sort_first_five_b/if_sorted_b.o sort_five/sort_first_five_b/if_sorted_b.c
clang -Wall -Wextra -Werror   -c -o sort_five/sort_first_five_b/make_all_oper_b.o sort_five/sort_first_five_b/make_all_oper_b.c
clang -Wall -Wextra -Werror   -c -o sort_five/sort_first_five_b/sort_first_five_b.o sort_five/sort_first_five_b/sort_first_five_b.c
clang -Wall -Wextra -Werror   -c -o sort_five/sort_first_five_a/if_sorted_a.o sort_five/sort_first_five_a/if_sorted_a.c
clang -Wall -Wextra -Werror   -c -o sort_five/sort_first_five_a/make_all_oper_a.o sort_five/sort_first_five_a/make_all_oper_a.c
clang -Wall -Wextra -Werror   -c -o sort_five/sort_first_five_a/sort_first_five_a.o sort_five/sort_first_five_a/sort_first_five_a.c
clang -Wall -Wextra -Werror   -c -o t_list_int/tli_new.o t_list_int/tli_new.c
clang -Wall -Wextra -Werror   -c -o t_list_int/tli_setup_a_five.o t_list_int/tli_setup_a_five.c
clang -Wall -Wextra -Werror   -c -o t_list_int/tli_setup_a_ten.o t_list_int/tli_setup_a_ten.c
clang -Wall -Wextra -Werror   -c -o t_list_int/tli_setup_b_five.o t_list_int/tli_setup_b_five.c
clang -Wall -Wextra -Werror   -c -o t_list_int/tli_setup_b_ten.o t_list_int/tli_setup_b_ten.c
clang -Wall -Wextra -Werror   -c -o t_list_int/tli_setup_b_half_a.o t_list_int/tli_setup_b_half_a.c
clang -Wall -Wextra -Werror   -c -o t_list_int/tli_add_back.o t_list_int/tli_add_back.c
clang -Wall -Wextra -Werror   -c -o t_list_int/tli_size.o t_list_int/tli_size.c
clang -Wall -Wextra -Werror   -c -o t_list_int/tli_last.o t_list_int/tli_last.c
clang -Wall -Wextra -Werror   -c -o t_list_int/tli_clear.o t_list_int/tli_clear.c
clang -Wall -Wextra -Werror   -c -o t_list_int/tli_clear_one.o t_list_int/tli_clear_one.c
clang -Wall -Wextra -Werror   -c -o t_list_int/find_pos_max_tli.o t_list_int/find_pos_max_tli.c
clang -Wall -Wextra -Werror   -c -o t_list_int/find_pos_min_tli.o t_list_int/find_pos_min_tli.c
clang -Wall -Wextra -Werror   -c -o t_list_int/tli_setup_b_forty.o t_list_int/tli_setup_b_forty.c
clang -Wall -Wextra -Werror   -c -o t_list_int/tli_setup_a_forty.o t_list_int/tli_setup_a_forty.c
clang -Wall -Wextra -Werror   -c -o smart_sort_five_b/choice_better_give_nb.o smart_sort_five_b/choice_better_give_nb.c
clang -Wall -Wextra -Werror   -c -o smart_sort_five_b/choice_better_give_nb_b.o smart_sort_five_b/choice_better_give_nb_b.c
clang -Wall -Wextra -Werror   -c -o smart_sort_five_b/choice_better.o smart_sort_five_b/choice_better.c
clang -Wall -Wextra -Werror   -c -o smart_sort_five_b/choice_better_b.o smart_sort_five_b/choice_better_b.c
clang -Wall -Wextra -Werror   -c -o smart_sort_five_b/five_smaller_a.o smart_sort_five_b/five_smaller_a.c
clang -Wall -Wextra -Werror   -c -o smart_sort_five_b/five_smaller_b.o smart_sort_five_b/five_smaller_b.c
clang -Wall -Wextra -Werror   -c -o smart_sort_five_b/pos_in_stack.o smart_sort_five_b/pos_in_stack.c
clang -Wall -Wextra -Werror   -c -o smart_sort_five_b/rotate_choice.o smart_sort_five_b/rotate_choice.c
clang -Wall -Wextra -Werror   -c -o smart_sort_five_b/up_smaller_tli_b.o smart_sort_five_b/up_smaller_tli_b.c
clang -Wall -Wextra -Werror   -c -o smart_sort_five_a/five_biggest_a.o smart_sort_five_a/five_biggest_a.c
clang -Wall -Wextra -Werror   -c -o smart_sort_five_a/up_biggest_lti_a.o smart_sort_five_a/up_biggest_lti_a.c
clang -Wall -Wextra -Werror   -c -o sort_five_double/sfd_a/sfd_if_sorted_a.o sort_five_double/sfd_a/sfd_if_sorted_a.c
clang -Wall -Wextra -Werror   -c -o sort_five_double/sfd_a/sfd_make_all_oper_a.o sort_five_double/sfd_a/sfd_make_all_oper_a.c
clang -Wall -Wextra -Werror   -c -o sort_five_double/sfd_a/sfd_sort_first_five_a.o sort_five_double/sfd_a/sfd_sort_first_five_a.c
clang -Wall -Wextra -Werror   -c -o sort_five_double/sfd_b/sfd_if_sorted_b.o sort_five_double/sfd_b/sfd_if_sorted_b.c
clang -Wall -Wextra -Werror   -c -o sort_five_double/sfd_b/sfd_make_all_oper_b.o sort_five_double/sfd_b/sfd_make_all_oper_b.c
clang -Wall -Wextra -Werror   -c -o sort_five_double/sfd_b/sfd_sort_first_five_b.o sort_five_double/sfd_b/sfd_sort_first_five_b.c
clang -Wall -Wextra -Werror   -c -o sort_five_double/sort_five_double.o sort_five_double/sort_five_double.c
clang -Wall -Wextra -Werror   -c -o sort_five_double/while_for_sfd.o sort_five_double/while_for_sfd.c
clang -Wall -Wextra -Werror   -c -o push_swap.o push_swap.c
clang -Wall -Wextra -Werror   -c -o setup_struct.o setup_struct.c
clang -Wall -Wextra -Werror   -c -o tli_cpy.o tli_cpy.c
clang -Wall -Wextra -Werror   -c -o setup_tli_ten.o setup_tli_ten.c
clang -Wall -Wextra -Werror   -c -o check_duplicate_a.o check_duplicate_a.c
clang -Wall -Wextra -Werror   -c -o check_duplicate_b.o check_duplicate_b.c
clang -Wall -Wextra -Werror   -c -o setup_tli_five.o setup_tli_five.c
clang -Wall -Wextra -Werror   -c -o clear_all.o clear_all.c
 
clang -Wall -Wextra -Werror   -c -o libft/ft_strlen.o libft/ft_strlen.c
clang -Wall -Wextra -Werror   -c -o libft/ft_atoi.o libft/ft_atoi.c
clang -Wall -Wextra -Werror   -c -o stack_len.o stack_len.c
clang -Wall -Wextra -Werror   -c -o setup_tli_forty.o setup_tli_forty.c
clang -Wall -Wextra -Werror   -c -o next_while_run_one.o next_while_run_one.c
clang -Wall -Wextra -Werror   -c -o next_while_run_two.o next_while_run_two.c
clang -Wall -Wextra -Werror   -c -o check_int_max.o check_int_max.c
clang -Wall -Wextra -Werror   -c -o check_int_min.o check_int_min.c
clang -Wall -Wextra -Werror   -c -o ss_cargv_part_two.o ss_cargv_part_two.c
clang -Wall -Wextra -Werror   -c -o check_repeat.o check_repeat.c
clang -Wall -Wextra -Werror   -c -o return_error.o return_error.c
clang -Wall -Wextra -Werror -o push_swap operation/sa.o operation/sb.o operation/ss.o operation/pa.o operation/pb.o operation/ra.o operation/rb.o operation/rr.o operation/rra.o operation/rrb.o operation/rrr.o operation/oper_double/od_sa.o operation/oper_double/od_sb.o operation/oper_double/od_pa.o operation/oper_double/od_pb.o operation/oper_double/od_ra.o operation/oper_double/od_rb.o operation/oper_double/od_rra.o operation/oper_double/od_rrb.o sort_five/sort_five.o sort_five/if_sorted.o sort_five/make_all_oper.o sort_five/ascending_order_tab.o sort_five/descending_order_tab.o sort_five/dup_tab.o sort_five/double_lst/dl_add_back.o sort_five/double_lst/dl_last.o sort_five/double_lst/dl_new.o sort_five/double_lst/sl_add_back.o sort_five/double_lst/sl_last.o sort_five/double_lst/sl_new.o sort_five/double_lst/sl_link.o sort_five/double_lst/dl_clear.o sort_five/double_lst/sl_int_clear.o sort_five/operations_dupp_tab/sa_dt.o sort_five/operations_dupp_tab/ra_dt.o sort_five/operations_dupp_tab/rra_dt.o sort_five/operations_on_tab/sa_ot.o sort_five/operations_on_tab/ra_ot.o sort_five/operations_on_tab/rra_ot.o sort_five/sort_first_five_b/if_sorted_b.o sort_five/sort_first_five_b/make_all_oper_b.o sort_five/sort_first_five_b/sort_first_five_b.o sort_five/sort_first_five_a/if_sorted_a.o sort_five/sort_first_five_a/make_all_oper_a.o sort_five/sort_first_five_a/sort_first_five_a.o t_list_int/tli_new.o t_list_int/tli_setup_a_five.o t_list_int/tli_setup_a_ten.o t_list_int/tli_setup_b_five.o t_list_int/tli_setup_b_ten.o t_list_int/tli_setup_b_half_a.o t_list_int/tli_add_back.o t_list_int/tli_size.o t_list_int/tli_last.o t_list_int/tli_clear.o t_list_int/tli_clear_one.o t_list_int/find_pos_max_tli.o t_list_int/find_pos_min_tli.o t_list_int/tli_setup_b_forty.o t_list_int/tli_setup_a_forty.o smart_sort_five_b/choice_better_give_nb.o smart_sort_five_b/choice_better_give_nb_b.o smart_sort_five_b/choice_better.o smart_sort_five_b/choice_better_b.o smart_sort_five_b/five_smaller_a.o smart_sort_five_b/five_smaller_b.o smart_sort_five_b/pos_in_stack.o smart_sort_five_b/rotate_choice.o smart_sort_five_b/up_smaller_tli_b.o smart_sort_five_a/five_biggest_a.o smart_sort_five_a/up_biggest_lti_a.o sort_five_double/sfd_a/sfd_if_sorted_a.o sort_five_double/sfd_a/sfd_make_all_oper_a.o sort_five_double/sfd_a/sfd_sort_first_five_a.o sort_five_double/sfd_b/sfd_if_sorted_b.o sort_five_double/sfd_b/sfd_make_all_oper_b.o sort_five_double/sfd_b/sfd_sort_first_five_b.o sort_five_double/sort_five_double.o sort_five_double/while_for_sfd.o push_swap.o setup_struct.o tli_cpy.o setup_tli_ten.o check_duplicate_a.o check_duplicate_b.o setup_tli_five.o clear_all.o libft/ft_strlen.o libft/ft_atoi.o stack_len.o setup_tli_forty.o next_while_run_one.o next_while_run_two.o check_int_max.o check_int_min.o ss_cargv_part_two.o check_repeat.o return_error.o
make: Leaving directory '/mnt/nfs/homes/tda-silv/Desktop/push_swap'
 
